<?xml version="1.0" encoding="UTF-8"?>
<!-- Generated by org.testng.reporters.JUnitReportReporter -->
<testsuite hostname="hp" failures="0" tests="1" name="JenkinsTracker" time="0.015" errors="0" timestamp="2022-05-07T19:51:53 IST" skipped="0">
  <testcase classname="JenkinsTracker" name="trackJenkins" time="0.015"/>
  <system-out/>
</testsuite> <!-- JenkinsTracker -->
