<?xml version="1.0" encoding="UTF-8"?>
<!-- Generated by org.testng.reporters.JUnitReportReporter -->
<testsuite hostname="hp" failures="0" tests="1" name="CreateInvoiceTest" time="0.016" errors="0" timestamp="2022-05-07T11:02:37 IST" skipped="0">
  <testcase classname="CreateInvoiceTest" name="createInvoice" time="0.016"/>
  <system-out/>
</testsuite> <!-- CreateInvoiceTest -->
