<?xml version="1.0" encoding="UTF-8"?>
<!-- Generated by org.testng.reporters.JUnitReportReporter -->
<testsuite hostname="hp" failures="0" tests="1" name="CreateContactNew" time="0.019" errors="0" timestamp="2022-05-07T19:46:16 IST" skipped="0">
  <testcase classname="CreateContactNew" name="createContact" time="0.019"/>
  <system-out/>
</testsuite> <!-- CreateContactNew -->
